{"/Users/mukmahaj/Desktop/Allica/allicabank/src/App.tsx": {"path":"/Users/mukmahaj/Desktop/Allica/allicabank/src/App.tsx","statementMap":{"0":{"start":{"line":12,"column":38},"end":{"line":12,"column":73}},"1":{"start":{"line":13,"column":42},"end":{"line":13,"column":57}},"2":{"start":{"line":14,"column":42},"end":{"line":14,"column":57}},"3":{"start":{"line":15,"column":32},"end":{"line":15,"column":43}},"4":{"start":{"line":17,"column":2},"end":{"line":30,"column":16}},"5":{"start":{"line":18,"column":18},"end":{"line":28,"column":5}},"6":{"start":{"line":19,"column":6},"end":{"line":27,"column":7}},"7":{"start":{"line":20,"column":8},"end":{"line":20,"column":26}},"8":{"start":{"line":21,"column":25},"end":{"line":21,"column":73}},"9":{"start":{"line":22,"column":8},"end":{"line":22,"column":45}},"10":{"start":{"line":23,"column":8},"end":{"line":23,"column":44}},"11":{"start":{"line":24,"column":8},"end":{"line":24,"column":48}},"12":{"start":{"line":26,"column":8},"end":{"line":26,"column":27}},"13":{"start":{"line":29,"column":4},"end":{"line":29,"column":12}},"14":{"start":{"line":32,"column":33},"end":{"line":45,"column":3}},"15":{"start":{"line":37,"column":4},"end":{"line":44,"column":7}},"16":{"start":{"line":39,"column":8},"end":{"line":41,"column":9}},"17":{"start":{"line":40,"column":10},"end":{"line":40,"column":62}},"18":{"start":{"line":42,"column":8},"end":{"line":42,"column":25}},"19":{"start":{"line":46,"column":2},"end":{"line":66,"column":4}}},"fnMap":{"0":{"name":"App","decl":{"start":{"line":11,"column":9},"end":{"line":11,"column":12}},"loc":{"start":{"line":11,"column":15},"end":{"line":67,"column":1}},"line":11},"1":{"name":"(anonymous_1)","decl":{"start":{"line":17,"column":12},"end":{"line":17,"column":13}},"loc":{"start":{"line":17,"column":18},"end":{"line":30,"column":3}},"line":17},"2":{"name":"(anonymous_2)","decl":{"start":{"line":18,"column":18},"end":{"line":18,"column":19}},"loc":{"start":{"line":18,"column":30},"end":{"line":28,"column":5}},"line":18},"3":{"name":"(anonymous_3)","decl":{"start":{"line":32,"column":33},"end":{"line":32,"column":34}},"loc":{"start":{"line":36,"column":7},"end":{"line":45,"column":3}},"line":36},"4":{"name":"(anonymous_4)","decl":{"start":{"line":38,"column":24},"end":{"line":38,"column":25}},"loc":{"start":{"line":38,"column":60},"end":{"line":43,"column":7}},"line":38}},"branchMap":{"0":{"loc":{"start":{"line":39,"column":8},"end":{"line":41,"column":9}},"type":"if","locations":[{"start":{"line":39,"column":8},"end":{"line":41,"column":9}},{"start":{},"end":{}}],"line":39}},"s":{"0":2,"1":2,"2":2,"3":2,"4":2,"5":1,"6":1,"7":1,"8":1,"9":1,"10":0,"11":0,"12":1,"13":1,"14":2,"15":0,"16":0,"17":0,"18":0,"19":2},"f":{"0":2,"1":1,"2":1,"3":0,"4":0},"b":{"0":[0,0]},"_coverageSchema":"1a1c01bbd47fc00a2c39e90264f33305004495a9","hash":"5d0c57456a87c0af88b6291fd0fbfa8f7d1937ee"}
,"/Users/mukmahaj/Desktop/Allica/allicabank/src/Constants.ts": {"path":"/Users/mukmahaj/Desktop/Allica/allicabank/src/Constants.ts","statementMap":{"0":{"start":{"line":1,"column":25},"end":{"line":1,"column":62}}},"fnMap":{},"branchMap":{},"s":{"0":1},"f":{},"b":{},"_coverageSchema":"1a1c01bbd47fc00a2c39e90264f33305004495a9","hash":"25f790f71bf8c9692d7f60f2e428b0e1a45fceb3"}
,"/Users/mukmahaj/Desktop/Allica/allicabank/src/Components/Types.tsx": {"path":"/Users/mukmahaj/Desktop/Allica/allicabank/src/Components/Types.tsx","statementMap":{},"fnMap":{},"branchMap":{},"s":{},"f":{},"b":{}}
,"/Users/mukmahaj/Desktop/Allica/allicabank/src/Components/CharacterDetailsPage/index.tsx": {"path":"/Users/mukmahaj/Desktop/Allica/allicabank/src/Components/CharacterDetailsPage/index.tsx","statementMap":{"0":{"start":{"line":8,"column":25},"end":{"line":62,"column":1}},"1":{"start":{"line":9,"column":25},"end":{"line":9,"column":36}},"2":{"start":{"line":10,"column":49},"end":{"line":10,"column":77}},"3":{"start":{"line":11,"column":27},"end":{"line":13,"column":3}},"4":{"start":{"line":12,"column":32},"end":{"line":12,"column":53}},"5":{"start":{"line":15,"column":4},"end":{"line":28,"column":13}},"6":{"start":{"line":18,"column":8},"end":{"line":18,"column":56}},"7":{"start":{"line":22,"column":8},"end":{"line":26,"column":10}},"8":{"start":{"line":31,"column":4},"end":{"line":38,"column":6}},"9":{"start":{"line":36,"column":8},"end":{"line":36,"column":56}},"10":{"start":{"line":40,"column":2},"end":{"line":61,"column":4}},"11":{"start":{"line":54,"column":16},"end":{"line":54,"column":50}}},"fnMap":{"0":{"name":"(anonymous_0)","decl":{"start":{"line":8,"column":25},"end":{"line":8,"column":26}},"loc":{"start":{"line":8,"column":31},"end":{"line":62,"column":1}},"line":8},"1":{"name":"(anonymous_1)","decl":{"start":{"line":12,"column":4},"end":{"line":12,"column":5}},"loc":{"start":{"line":12,"column":32},"end":{"line":12,"column":53}},"line":12},"2":{"name":"(anonymous_2)","decl":{"start":{"line":17,"column":16},"end":{"line":17,"column":17}},"loc":{"start":{"line":17,"column":23},"end":{"line":19,"column":7}},"line":17},"3":{"name":"(anonymous_3)","decl":{"start":{"line":21,"column":30},"end":{"line":21,"column":31}},"loc":{"start":{"line":21,"column":42},"end":{"line":27,"column":7}},"line":21},"4":{"name":"(anonymous_4)","decl":{"start":{"line":35,"column":16},"end":{"line":35,"column":17}},"loc":{"start":{"line":35,"column":23},"end":{"line":37,"column":7}},"line":35},"5":{"name":"(anonymous_5)","decl":{"start":{"line":53,"column":42},"end":{"line":53,"column":43}},"loc":{"start":{"line":53,"column":60},"end":{"line":55,"column":15}},"line":53}},"branchMap":{},"s":{"0":2,"1":2,"2":2,"3":1,"4":4,"5":1,"6":0,"7":2,"8":1,"9":0,"10":1,"11":3},"f":{"0":2,"1":4,"2":0,"3":2,"4":0,"5":3},"b":{},"_coverageSchema":"1a1c01bbd47fc00a2c39e90264f33305004495a9","hash":"1fd5fc03cb1bc35fb7cb12e5bf9be0ba11654138"}
,"/Users/mukmahaj/Desktop/Allica/allicabank/src/Components/Common/Item.tsx": {"path":"/Users/mukmahaj/Desktop/Allica/allicabank/src/Components/Common/Item.tsx","statementMap":{"0":{"start":{"line":3,"column":13},"end":{"line":10,"column":1}},"1":{"start":{"line":4,"column":2},"end":{"line":9,"column":4}}},"fnMap":{"0":{"name":"(anonymous_0)","decl":{"start":{"line":3,"column":13},"end":{"line":3,"column":14}},"loc":{"start":{"line":3,"column":44},"end":{"line":10,"column":1}},"line":3}},"branchMap":{},"s":{"0":3,"1":13},"f":{"0":13},"b":{},"_coverageSchema":"1a1c01bbd47fc00a2c39e90264f33305004495a9","hash":"3f8a12e8410949358ae7bcdcd74cf2f3628ef2f5"}
,"/Users/mukmahaj/Desktop/Allica/allicabank/src/Components/Common/Paginations.tsx": {"path":"/Users/mukmahaj/Desktop/Allica/allicabank/src/Components/Common/Paginations.tsx","statementMap":{"0":{"start":{"line":5,"column":26},"end":{"line":28,"column":1}},"1":{"start":{"line":7,"column":4},"end":{"line":7,"column":32}},"2":{"start":{"line":8,"column":27},"end":{"line":15,"column":3}},"3":{"start":{"line":9,"column":4},"end":{"line":11,"column":5}},"4":{"start":{"line":10,"column":6},"end":{"line":10,"column":45}},"5":{"start":{"line":10,"column":35},"end":{"line":10,"column":43}},"6":{"start":{"line":12,"column":4},"end":{"line":14,"column":5}},"7":{"start":{"line":13,"column":6},"end":{"line":13,"column":45}},"8":{"start":{"line":13,"column":35},"end":{"line":13,"column":43}},"9":{"start":{"line":17,"column":2},"end":{"line":27,"column":4}},"10":{"start":{"line":30,"column":15},"end":{"line":41,"column":1}},"11":{"start":{"line":31,"column":2},"end":{"line":40,"column":4}},"12":{"start":{"line":34,"column":8},"end":{"line":34,"column":31}}},"fnMap":{"0":{"name":"(anonymous_0)","decl":{"start":{"line":5,"column":26},"end":{"line":5,"column":27}},"loc":{"start":{"line":5,"column":32},"end":{"line":28,"column":1}},"line":5},"1":{"name":"(anonymous_1)","decl":{"start":{"line":8,"column":27},"end":{"line":8,"column":28}},"loc":{"start":{"line":8,"column":55},"end":{"line":15,"column":3}},"line":8},"2":{"name":"(anonymous_2)","decl":{"start":{"line":10,"column":17},"end":{"line":10,"column":18}},"loc":{"start":{"line":10,"column":35},"end":{"line":10,"column":43}},"line":10},"3":{"name":"(anonymous_3)","decl":{"start":{"line":13,"column":17},"end":{"line":13,"column":18}},"loc":{"start":{"line":13,"column":35},"end":{"line":13,"column":43}},"line":13},"4":{"name":"(anonymous_4)","decl":{"start":{"line":22,"column":32},"end":{"line":22,"column":33}},"loc":{"start":{"line":22,"column":38},"end":{"line":22,"column":40}},"line":22},"5":{"name":"(anonymous_5)","decl":{"start":{"line":30,"column":15},"end":{"line":30,"column":16}},"loc":{"start":{"line":30,"column":65},"end":{"line":41,"column":1}},"line":30},"6":{"name":"(anonymous_6)","decl":{"start":{"line":33,"column":15},"end":{"line":33,"column":16}},"loc":{"start":{"line":33,"column":21},"end":{"line":35,"column":7}},"line":33}},"branchMap":{"0":{"loc":{"start":{"line":9,"column":4},"end":{"line":11,"column":5}},"type":"if","locations":[{"start":{"line":9,"column":4},"end":{"line":11,"column":5}},{"start":{},"end":{}}],"line":9},"1":{"loc":{"start":{"line":12,"column":4},"end":{"line":14,"column":5}},"type":"if","locations":[{"start":{"line":12,"column":4},"end":{"line":14,"column":5}},{"start":{},"end":{}}],"line":12},"2":{"loc":{"start":{"line":19,"column":7},"end":{"line":21,"column":7}},"type":"binary-expr","locations":[{"start":{"line":19,"column":7},"end":{"line":19,"column":19}},{"start":{"line":20,"column":8},"end":{"line":20,"column":68}}],"line":19},"3":{"loc":{"start":{"line":23,"column":7},"end":{"line":25,"column":7}},"type":"binary-expr","locations":[{"start":{"line":23,"column":7},"end":{"line":23,"column":19}},{"start":{"line":24,"column":8},"end":{"line":24,"column":68}}],"line":23}},"s":{"0":2,"1":1,"2":1,"3":2,"4":1,"5":0,"6":2,"7":1,"8":0,"9":1,"10":2,"11":3,"12":2},"f":{"0":1,"1":2,"2":0,"3":0,"4":0,"5":3,"6":2},"b":{"0":[1,1],"1":[1,1],"2":[1,1],"3":[1,1]},"_coverageSchema":"1a1c01bbd47fc00a2c39e90264f33305004495a9","hash":"5cfa59e238a8f63ae832d53a9687f221c6104322"}
,"/Users/mukmahaj/Desktop/Allica/allicabank/src/Components/Dashboard/SingleCharacterCard.tsx": {"path":"/Users/mukmahaj/Desktop/Allica/allicabank/src/Components/Dashboard/SingleCharacterCard.tsx","statementMap":{"0":{"start":{"line":6,"column":28},"end":{"line":20,"column":1}},"1":{"start":{"line":11,"column":38},"end":{"line":11,"column":49}},"2":{"start":{"line":12,"column":2},"end":{"line":19,"column":4}}},"fnMap":{"0":{"name":"(anonymous_0)","decl":{"start":{"line":6,"column":28},"end":{"line":6,"column":29}},"loc":{"start":{"line":10,"column":6},"end":{"line":20,"column":1}},"line":10}},"branchMap":{},"s":{"0":2,"1":2,"2":2},"f":{"0":2},"b":{},"_coverageSchema":"1a1c01bbd47fc00a2c39e90264f33305004495a9","hash":"07907b4c0ddcc11e910f4a73a1eaadf0891ab2b7"}
,"/Users/mukmahaj/Desktop/Allica/allicabank/src/Components/Dashboard/index.tsx": {"path":"/Users/mukmahaj/Desktop/Allica/allicabank/src/Components/Dashboard/index.tsx","statementMap":{"0":{"start":{"line":8,"column":18},"end":{"line":23,"column":1}},"1":{"start":{"line":9,"column":25},"end":{"line":9,"column":53}},"2":{"start":{"line":11,"column":2},"end":{"line":22,"column":4}},"3":{"start":{"line":15,"column":10},"end":{"line":15,"column":78}}},"fnMap":{"0":{"name":"(anonymous_0)","decl":{"start":{"line":8,"column":18},"end":{"line":8,"column":19}},"loc":{"start":{"line":8,"column":24},"end":{"line":23,"column":1}},"line":8},"1":{"name":"(anonymous_1)","decl":{"start":{"line":14,"column":24},"end":{"line":14,"column":25}},"loc":{"start":{"line":15,"column":10},"end":{"line":15,"column":78}},"line":15}},"branchMap":{"0":{"loc":{"start":{"line":11,"column":9},"end":{"line":22,"column":3}},"type":"cond-expr","locations":[{"start":{"line":12,"column":4},"end":{"line":19,"column":10}},{"start":{"line":21,"column":4},"end":{"line":21,"column":45}}],"line":11}},"s":{"0":2,"1":4,"2":4,"3":2},"f":{"0":4,"1":2},"b":{"0":[1,3]},"_coverageSchema":"1a1c01bbd47fc00a2c39e90264f33305004495a9","hash":"b21951c4748e924ac178b2e1bc40358ade14afcb"}
,"/Users/mukmahaj/Desktop/Allica/allicabank/src/Context/Characters.js": {"path":"/Users/mukmahaj/Desktop/Allica/allicabank/src/Context/Characters.js","statementMap":{"0":{"start":{"line":3,"column":32},"end":{"line":3,"column":47}}},"fnMap":{},"branchMap":{},"s":{"0":3},"f":{},"b":{},"_coverageSchema":"1a1c01bbd47fc00a2c39e90264f33305004495a9","hash":"6d79b9bd7b90ba1d3c5c4499c21708da3300e7cc"}
}
