TN:
SF:src/App.tsx
FN:11,App
FN:17,(anonymous_1)
FN:18,(anonymous_2)
FN:32,(anonymous_3)
FN:38,(anonymous_4)
FNF:5
FNH:3
FNDA:2,App
FNDA:1,(anonymous_1)
FNDA:1,(anonymous_2)
FNDA:0,(anonymous_3)
FNDA:0,(anonymous_4)
DA:12,2
DA:13,2
DA:14,2
DA:15,2
DA:17,2
DA:18,1
DA:19,1
DA:20,1
DA:21,1
DA:22,1
DA:23,0
DA:24,0
DA:26,1
DA:29,1
DA:32,2
DA:37,0
DA:39,0
DA:40,0
DA:42,0
DA:46,2
LF:20
LH:14
BRDA:39,0,0,0
BRDA:39,0,1,0
BRF:2
BRH:0
end_of_record
TN:
SF:src/Constants.ts
FNF:0
FNH:0
DA:1,1
LF:1
LH:1
BRF:0
BRH:0
end_of_record
TN:
SF:src/Components/Types.tsx
FNF:0
FNH:0
LF:0
LH:0
BRF:0
BRH:0
end_of_record
TN:
SF:src/Components/CharacterDetailsPage/index.tsx
FN:8,(anonymous_0)
FN:12,(anonymous_1)
FN:17,(anonymous_2)
FN:21,(anonymous_3)
FN:35,(anonymous_4)
FN:53,(anonymous_5)
FNF:6
FNH:4
FNDA:2,(anonymous_0)
FNDA:4,(anonymous_1)
FNDA:0,(anonymous_2)
FNDA:2,(anonymous_3)
FNDA:0,(anonymous_4)
FNDA:3,(anonymous_5)
DA:8,2
DA:9,2
DA:10,2
DA:11,1
DA:12,4
DA:15,1
DA:18,0
DA:22,2
DA:31,1
DA:36,0
DA:40,1
DA:54,3
LF:12
LH:10
BRF:0
BRH:0
end_of_record
TN:
SF:src/Components/Common/Item.tsx
FN:3,(anonymous_0)
FNF:1
FNH:1
FNDA:13,(anonymous_0)
DA:3,3
DA:4,13
LF:2
LH:2
BRF:0
BRH:0
end_of_record
TN:
SF:src/Components/Common/Paginations.tsx
FN:5,(anonymous_0)
FN:8,(anonymous_1)
FN:10,(anonymous_2)
FN:13,(anonymous_3)
FN:22,(anonymous_4)
FN:30,(anonymous_5)
FN:33,(anonymous_6)
FNF:7
FNH:4
FNDA:1,(anonymous_0)
FNDA:2,(anonymous_1)
FNDA:0,(anonymous_2)
FNDA:0,(anonymous_3)
FNDA:0,(anonymous_4)
FNDA:3,(anonymous_5)
FNDA:2,(anonymous_6)
DA:5,2
DA:7,1
DA:8,1
DA:9,2
DA:10,1
DA:12,2
DA:13,1
DA:17,1
DA:30,2
DA:31,3
DA:34,2
LF:11
LH:11
BRDA:9,0,0,1
BRDA:9,0,1,1
BRDA:12,1,0,1
BRDA:12,1,1,1
BRDA:19,2,0,1
BRDA:19,2,1,1
BRDA:23,3,0,1
BRDA:23,3,1,1
BRF:8
BRH:8
end_of_record
TN:
SF:src/Components/Dashboard/SingleCharacterCard.tsx
FN:6,(anonymous_0)
FNF:1
FNH:1
FNDA:2,(anonymous_0)
DA:6,2
DA:11,2
DA:12,2
LF:3
LH:3
BRF:0
BRH:0
end_of_record
TN:
SF:src/Components/Dashboard/index.tsx
FN:8,(anonymous_0)
FN:14,(anonymous_1)
FNF:2
FNH:2
FNDA:4,(anonymous_0)
FNDA:2,(anonymous_1)
DA:8,2
DA:9,4
DA:11,4
DA:15,2
LF:4
LH:4
BRDA:11,0,0,1
BRDA:11,0,1,3
BRF:2
BRH:2
end_of_record
TN:
SF:src/Context/Characters.js
FNF:0
FNH:0
DA:3,3
LF:1
LH:1
BRF:0
BRH:0
end_of_record
